gpasm-0.14.1 (Aug 21 2013)   exampleFruit-objs/core/core.asm1-13-2017  11:36:10          PAGE  1


LOC  OBJECT CODE     LINE SOURCE TEXT
  VALUE

                      00001 ;--------------------------------------------------------
                      00002 ; File Created by SDCC : free open source ANSI-C Compiler
                      00003 ; Version 3.2.1 #8447 (Jul 12 2013) (Linux)
                      00004 ; This file was generated Fri Jan 13 11:36:10 2017
                      00005 ;--------------------------------------------------------
                      00006 ; PIC16 port for the Microchip 16-bit core micros
                      00007 ;--------------------------------------------------------
                      00008         list    p=18f26k22
                      00009         radix   dec
                      00010 
                      00011 
                      00012 ;--------------------------------------------------------
                      00013 ; public variables in this module
                      00014 ;--------------------------------------------------------
                      00015         global  _eeWriteByte
                      00016         global  _eeReadByte
                      00017         global  _coreInit
                      00018         global  _time
                      00019         global  _TMR0U
                      00020         global  _Now
                      00021         global  _PORTZ
                      00022         global  _PORTZbits
                      00023         global  _LATZ
                      00024         global  _LATZbits
                      00025         global  _TRICZ
                      00026         global  _TRISZbits
                      00027         global  _ANSELZ
                      00028         global  _ANSELZbits
                      00029         global  _main
                      00030         global  _high_ISR
                      00031         global  _low_ISR
                      00032 
                      00033 ;--------------------------------------------------------
                      00034 ; extern variables in this module
                      00035 ;--------------------------------------------------------
                      00036         extern  _ANSELAbits
                      00037         extern  _ANSELBbits
                      00038         extern  _ANSELCbits
                      00039         extern  _PMD2bits
                      00040         extern  _PMD1bits
                      00041         extern  _PMD0bits
                      00042         extern  _DACCON1bits
                      00043         extern  _VREFCON2bits
                      00044         extern  _DACCON0bits
                      00045         extern  _VREFCON1bits
                      00046         extern  _FVRCONbits
                      00047         extern  _VREFCON0bits
                      00048         extern  _CTMUICONbits
                      00049         extern  _CTMUICONHbits
                      00050         extern  _CTMUCON1bits
                      00051         extern  _CTMUCONLbits
                      00052         extern  _CTMUCON0bits
                      00053         extern  _CTMUCONHbits
gpasm-0.14.1 (Aug 21 2013)   exampleFruit-objs/core/core.asm1-13-2017  11:36:10          PAGE  2


LOC  OBJECT CODE     LINE SOURCE TEXT
  VALUE

                      00054         extern  _SRCON1bits
                      00055         extern  _SRCON0bits
                      00056         extern  _CCPTMRS1bits
                      00057         extern  _CCPTMRS0bits
                      00058         extern  _T6CONbits
                      00059         extern  _T5GCONbits
                      00060         extern  _T5CONbits
                      00061         extern  _T4CONbits
                      00062         extern  _CCP5CONbits
                      00063         extern  _CCP4CONbits
                      00064         extern  _PSTR3CONbits
                      00065         extern  _CCP3ASbits
                      00066         extern  _ECCP3ASbits
                      00067         extern  _PWM3CONbits
                      00068         extern  _CCP3CONbits
                      00069         extern  _SLRCONbits
                      00070         extern  _WPUBbits
                      00071         extern  _IOCBbits
                      00072         extern  _PSTR2CONbits
                      00073         extern  _CCP2ASbits
                      00074         extern  _ECCP2ASbits
                      00075         extern  _PWM2CONbits
                      00076         extern  _CCP2CONbits
                      00077         extern  _SSP2CON3bits
                      00078         extern  _SSP2MSKbits
                      00079         extern  _SSP2CON2bits
                      00080         extern  _SSP2CON1bits
                      00081         extern  _SSP2STATbits
                      00082         extern  _BAUD2CONbits
                      00083         extern  _BAUDCON2bits
                      00084         extern  _RC2STAbits
                      00085         extern  _RCSTA2bits
                      00086         extern  _TX2STAbits
                      00087         extern  _TXSTA2bits
                      00088         extern  _CM12CONbits
                      00089         extern  _CM2CON1bits
                      00090         extern  _CM2CONbits
                      00091         extern  _CM2CON0bits
                      00092         extern  _CM1CONbits
                      00093         extern  _CM1CON0bits
                      00094         extern  _PIE4bits
                      00095         extern  _PIR4bits
                      00096         extern  _IPR4bits
                      00097         extern  _PIE5bits
                      00098         extern  _PIR5bits
                      00099         extern  _IPR5bits
                      00100         extern  _PORTAbits
                      00101         extern  _PORTBbits
                      00102         extern  _PORTCbits
                      00103         extern  _PORTEbits
                      00104         extern  _LATAbits
                      00105         extern  _LATBbits
                      00106         extern  _LATCbits
gpasm-0.14.1 (Aug 21 2013)   exampleFruit-objs/core/core.asm1-13-2017  11:36:10          PAGE  3


LOC  OBJECT CODE     LINE SOURCE TEXT
  VALUE

                      00107         extern  _DDRAbits
                      00108         extern  _TRISAbits
                      00109         extern  _DDRBbits
                      00110         extern  _TRISBbits
                      00111         extern  _DDRCbits
                      00112         extern  _TRISCbits
                      00113         extern  _TRISEbits
                      00114         extern  _OSCTUNEbits
                      00115         extern  _HLVDCONbits
                      00116         extern  _LVDCONbits
                      00117         extern  _PIE1bits
                      00118         extern  _PIR1bits
                      00119         extern  _IPR1bits
                      00120         extern  _PIE2bits
                      00121         extern  _PIR2bits
                      00122         extern  _IPR2bits
                      00123         extern  _PIE3bits
                      00124         extern  _PIR3bits
                      00125         extern  _IPR3bits
                      00126         extern  _EECON1bits
                      00127         extern  _EEADRbits
                      00128         extern  _EEADRHbits
                      00129         extern  _RC1STAbits
                      00130         extern  _RCSTAbits
                      00131         extern  _RCSTA1bits
                      00132         extern  _TX1STAbits
                      00133         extern  _TXSTAbits
                      00134         extern  _TXSTA1bits
                      00135         extern  _T3CONbits
                      00136         extern  _T3GCONbits
                      00137         extern  _ECCP1ASbits
                      00138         extern  _ECCPASbits
                      00139         extern  _PWM1CONbits
                      00140         extern  _PWMCONbits
                      00141         extern  _BAUD1CONbits
                      00142         extern  _BAUDCONbits
                      00143         extern  _BAUDCON1bits
                      00144         extern  _BAUDCTLbits
                      00145         extern  _PSTR1CONbits
                      00146         extern  _PSTRCONbits
                      00147         extern  _T2CONbits
                      00148         extern  _CCP1CONbits
                      00149         extern  _ADCON2bits
                      00150         extern  _ADCON1bits
                      00151         extern  _ADCON0bits
                      00152         extern  _SSP1CON2bits
                      00153         extern  _SSPCON2bits
                      00154         extern  _SSP1CON1bits
                      00155         extern  _SSPCON1bits
                      00156         extern  _SSP1STATbits
                      00157         extern  _SSPSTATbits
                      00158         extern  _SSP1MSKbits
                      00159         extern  _SSPMSKbits
gpasm-0.14.1 (Aug 21 2013)   exampleFruit-objs/core/core.asm1-13-2017  11:36:10          PAGE  4


LOC  OBJECT CODE     LINE SOURCE TEXT
  VALUE

                      00160         extern  _SSP1CON3bits
                      00161         extern  _SSPCON3bits
                      00162         extern  _T1GCONbits
                      00163         extern  _T1CONbits
                      00164         extern  _RCONbits
                      00165         extern  _WDTCONbits
                      00166         extern  _OSCCON2bits
                      00167         extern  _OSCCONbits
                      00168         extern  _T0CONbits
                      00169         extern  _STATUSbits
                      00170         extern  _INTCON3bits
                      00171         extern  _INTCON2bits
                      00172         extern  _INTCONbits
                      00173         extern  _STKPTRbits
                      00174         extern  _stdin
                      00175         extern  _stdout
                      00176         extern  _ANSELA
                      00177         extern  _ANSELB
                      00178         extern  _ANSELC
                      00179         extern  _PMD2
                      00180         extern  _PMD1
                      00181         extern  _PMD0
                      00182         extern  _DACCON1
                      00183         extern  _VREFCON2
                      00184         extern  _DACCON0
                      00185         extern  _VREFCON1
                      00186         extern  _FVRCON
                      00187         extern  _VREFCON0
                      00188         extern  _CTMUICON
                      00189         extern  _CTMUICONH
                      00190         extern  _CTMUCON1
                      00191         extern  _CTMUCONL
                      00192         extern  _CTMUCON0
                      00193         extern  _CTMUCONH
                      00194         extern  _SRCON1
                      00195         extern  _SRCON0
                      00196         extern  _CCPTMRS1
                      00197         extern  _CCPTMRS0
                      00198         extern  _T6CON
                      00199         extern  _PR6
                      00200         extern  _TMR6
                      00201         extern  _T5GCON
                      00202         extern  _T5CON
                      00203         extern  _TMR5
                      00204         extern  _TMR5L
                      00205         extern  _TMR5H
                      00206         extern  _T4CON
                      00207         extern  _PR4
                      00208         extern  _TMR4
                      00209         extern  _CCP5CON
                      00210         extern  _CCPR5
                      00211         extern  _CCPR5L
                      00212         extern  _CCPR5H
gpasm-0.14.1 (Aug 21 2013)   exampleFruit-objs/core/core.asm1-13-2017  11:36:10          PAGE  5


LOC  OBJECT CODE     LINE SOURCE TEXT
  VALUE

                      00213         extern  _CCP4CON
                      00214         extern  _CCPR4
                      00215         extern  _CCPR4L
                      00216         extern  _CCPR4H
                      00217         extern  _PSTR3CON
                      00218         extern  _CCP3AS
                      00219         extern  _ECCP3AS
                      00220         extern  _PWM3CON
                      00221         extern  _CCP3CON
                      00222         extern  _CCPR3
                      00223         extern  _CCPR3L
                      00224         extern  _CCPR3H
                      00225         extern  _SLRCON
                      00226         extern  _WPUB
                      00227         extern  _IOCB
                      00228         extern  _PSTR2CON
                      00229         extern  _CCP2AS
                      00230         extern  _ECCP2AS
                      00231         extern  _PWM2CON
                      00232         extern  _CCP2CON
                      00233         extern  _CCPR2
                      00234         extern  _CCPR2L
                      00235         extern  _CCPR2H
                      00236         extern  _SSP2CON3
                      00237         extern  _SSP2MSK
                      00238         extern  _SSP2CON2
                      00239         extern  _SSP2CON1
                      00240         extern  _SSP2STAT
                      00241         extern  _SSP2ADD
                      00242         extern  _SSP2BUF
                      00243         extern  _BAUD2CON
                      00244         extern  _BAUDCON2
                      00245         extern  _RC2STA
                      00246         extern  _RCSTA2
                      00247         extern  _TX2STA
                      00248         extern  _TXSTA2
                      00249         extern  _TX2REG
                      00250         extern  _TXREG2
                      00251         extern  _RC2REG
                      00252         extern  _RCREG2
                      00253         extern  _SP2BRG
                      00254         extern  _SPBRG2
                      00255         extern  _SP2BRGH
                      00256         extern  _SPBRGH2
                      00257         extern  _CM12CON
                      00258         extern  _CM2CON1
                      00259         extern  _CM2CON
                      00260         extern  _CM2CON0
                      00261         extern  _CM1CON
                      00262         extern  _CM1CON0
                      00263         extern  _PIE4
                      00264         extern  _PIR4
                      00265         extern  _IPR4
gpasm-0.14.1 (Aug 21 2013)   exampleFruit-objs/core/core.asm1-13-2017  11:36:10          PAGE  6


LOC  OBJECT CODE     LINE SOURCE TEXT
  VALUE

                      00266         extern  _PIE5
                      00267         extern  _PIR5
                      00268         extern  _IPR5
                      00269         extern  _PORTA
                      00270         extern  _PORTB
                      00271         extern  _PORTC
                      00272         extern  _PORTE
                      00273         extern  _LATA
                      00274         extern  _LATB
                      00275         extern  _LATC
                      00276         extern  _DDRA
                      00277         extern  _TRISA
                      00278         extern  _DDRB
                      00279         extern  _TRISB
                      00280         extern  _DDRC
                      00281         extern  _TRISC
                      00282         extern  _TRISE
                      00283         extern  _OSCTUNE
                      00284         extern  _HLVDCON
                      00285         extern  _LVDCON
                      00286         extern  _PIE1
                      00287         extern  _PIR1
                      00288         extern  _IPR1
                      00289         extern  _PIE2
                      00290         extern  _PIR2
                      00291         extern  _IPR2
                      00292         extern  _PIE3
                      00293         extern  _PIR3
                      00294         extern  _IPR3
                      00295         extern  _EECON1
                      00296         extern  _EECON2
                      00297         extern  _EEDATA
                      00298         extern  _EEADR
                      00299         extern  _EEADRH
                      00300         extern  _RC1STA
                      00301         extern  _RCSTA
                      00302         extern  _RCSTA1
                      00303         extern  _TX1STA
                      00304         extern  _TXSTA
                      00305         extern  _TXSTA1
                      00306         extern  _TX1REG
                      00307         extern  _TXREG
                      00308         extern  _TXREG1
                      00309         extern  _RC1REG
                      00310         extern  _RCREG
                      00311         extern  _RCREG1
                      00312         extern  _SP1BRG
                      00313         extern  _SPBRG
                      00314         extern  _SPBRG1
                      00315         extern  _SP1BRGH
                      00316         extern  _SPBRGH
                      00317         extern  _SPBRGH1
                      00318         extern  _T3CON
gpasm-0.14.1 (Aug 21 2013)   exampleFruit-objs/core/core.asm1-13-2017  11:36:10          PAGE  7


LOC  OBJECT CODE     LINE SOURCE TEXT
  VALUE

                      00319         extern  _TMR3
                      00320         extern  _TMR3L
                      00321         extern  _TMR3H
                      00322         extern  _T3GCON
                      00323         extern  _ECCP1AS
                      00324         extern  _ECCPAS
                      00325         extern  _PWM1CON
                      00326         extern  _PWMCON
                      00327         extern  _BAUD1CON
                      00328         extern  _BAUDCON
                      00329         extern  _BAUDCON1
                      00330         extern  _BAUDCTL
                      00331         extern  _PSTR1CON
                      00332         extern  _PSTRCON
                      00333         extern  _T2CON
                      00334         extern  _PR2
                      00335         extern  _TMR2
                      00336         extern  _CCP1CON
                      00337         extern  _CCPR1
                      00338         extern  _CCPR1L
                      00339         extern  _CCPR1H
                      00340         extern  _ADCON2
                      00341         extern  _ADCON1
                      00342         extern  _ADCON0
                      00343         extern  _ADRES
                      00344         extern  _ADRESL
                      00345         extern  _ADRESH
                      00346         extern  _SSP1CON2
                      00347         extern  _SSPCON2
                      00348         extern  _SSP1CON1
                      00349         extern  _SSPCON1
                      00350         extern  _SSP1STAT
                      00351         extern  _SSPSTAT
                      00352         extern  _SSP1ADD
                      00353         extern  _SSPADD
                      00354         extern  _SSP1BUF
                      00355         extern  _SSPBUF
                      00356         extern  _SSP1MSK
                      00357         extern  _SSPMSK
                      00358         extern  _SSP1CON3
                      00359         extern  _SSPCON3
                      00360         extern  _T1GCON
                      00361         extern  _T1CON
                      00362         extern  _TMR1
                      00363         extern  _TMR1L
                      00364         extern  _TMR1H
                      00365         extern  _RCON
                      00366         extern  _WDTCON
                      00367         extern  _OSCCON2
                      00368         extern  _OSCCON
                      00369         extern  _T0CON
                      00370         extern  _TMR0
                      00371         extern  _TMR0L
gpasm-0.14.1 (Aug 21 2013)   exampleFruit-objs/core/core.asm1-13-2017  11:36:10          PAGE  8


LOC  OBJECT CODE     LINE SOURCE TEXT
  VALUE

                      00372         extern  _TMR0H
                      00373         extern  _STATUS
                      00374         extern  _FSR2L
                      00375         extern  _FSR2H
                      00376         extern  _PLUSW2
                      00377         extern  _PREINC2
                      00378         extern  _POSTDEC2
                      00379         extern  _POSTINC2
                      00380         extern  _INDF2
                      00381         extern  _BSR
                      00382         extern  _FSR1L
                      00383         extern  _FSR1H
                      00384         extern  _PLUSW1
                      00385         extern  _PREINC1
                      00386         extern  _POSTDEC1
                      00387         extern  _POSTINC1
                      00388         extern  _INDF1
                      00389         extern  _WREG
                      00390         extern  _FSR0L
                      00391         extern  _FSR0H
                      00392         extern  _PLUSW0
                      00393         extern  _PREINC0
                      00394         extern  _POSTDEC0
                      00395         extern  _POSTINC0
                      00396         extern  _INDF0
                      00397         extern  _INTCON3
                      00398         extern  _INTCON2
                      00399         extern  _INTCON
                      00400         extern  _PROD
                      00401         extern  _PRODL
                      00402         extern  _PRODH
                      00403         extern  _TABLAT
                      00404         extern  _TBLPTR
                      00405         extern  _TBLPTRL
                      00406         extern  _TBLPTRH
                      00407         extern  _TBLPTRU
                      00408         extern  _PC
                      00409         extern  _PCL
                      00410         extern  _PCLATH
                      00411         extern  _PCLATU
                      00412         extern  _STKPTR
                      00413         extern  _TOS
                      00414         extern  _TOSL
                      00415         extern  _TOSH
                      00416         extern  _TOSU
                      00417         extern  _setup
                      00418         extern  _loop
                      00419         extern  _Setup
                      00420         extern  _fraiseISR
                      00421 
                      00422 ;--------------------------------------------------------
                      00423 ;       Equates to used internal registers
                      00424 ;--------------------------------------------------------
gpasm-0.14.1 (Aug 21 2013)   exampleFruit-objs/core/core.asm1-13-2017  11:36:10          PAGE  9


LOC  OBJECT CODE     LINE SOURCE TEXT
  VALUE

  00000FD8            00425 STATUS  equ     0xfd8
  00000FFA            00426 PCLATH  equ     0xffa
  00000FFB            00427 PCLATU  equ     0xffb
  00000FE8            00428 WREG    equ     0xfe8
  00000FE0            00429 BSR     equ     0xfe0
  00000FE9            00430 FSR0L   equ     0xfe9
  00000FEA            00431 FSR0H   equ     0xfea
  00000FE1            00432 FSR1L   equ     0xfe1
  00000FD9            00433 FSR2L   equ     0xfd9
  00000FE5            00434 POSTDEC1        equ     0xfe5
  00000FE4            00435 PREINC1 equ     0xfe4
  00000FDB            00436 PLUSW2  equ     0xfdb
  00000FF3            00437 PRODL   equ     0xff3
  00000FF4            00438 PRODH   equ     0xff4
                      00439 
                      00440 
                      00441         idata
000000                00442 _TMR0U  db      0x00, 0x00
                      00443 
                      00444 
                      00445 ; Internal registers
                      00446 .registers      udata_ovr       0x0000
000000                00447 r0x00   res     1
                      00448 
                      00449 udata_core_0    udata
000000                00450 _Now    res     4
                      00451 
                      00452 udata_core_1    udata
000000                00453 _time_now_1_76  res     4
                      00454 
                      00455 
                      00456 ustat_core_00   udata   0X0438
000438                00457 _ANSELZ        
000438                00458 _ANSELZbits     res     1
                      00459 
                      00460 
                      00461 ustat_core_01   udata   0X0480
000480                00462 _PORTZ         
000480                00463 _PORTZbits      res     1
                      00464 
                      00465 
                      00466 ustat_core_02   udata   0X0489
000489                00467 _LATZ          
000489                00468 _LATZbits       res     1
                      00469 
                      00470 
                      00471 ustat_core_03   udata   0X0492
000492                00472 _TRICZ         
000492                00473 _TRISZbits      res     1
                      00474 
                      00475 ;--------------------------------------------------------
                      00476 ; interrupt vector
                      00477 ;--------------------------------------------------------
gpasm-0.14.1 (Aug 21 2013)   exampleFruit-objs/core/core.asm1-13-2017  11:36:10          PAGE 10


LOC  OBJECT CODE     LINE SOURCE TEXT
  VALUE

                      00478 
                      00479 ;--------------------------------------------------------
                      00480 ; global & static initialisations
                      00481 ;--------------------------------------------------------
                      00482 ; ; Starting pCode block for absolute section
                      00483 ; ;-----------------------------------------
                      00484 S_core_ivec_0x1_high_ISR        code    0X000008
000008                00485 ivec_0x1_high_ISR:
000008 EF00 F000      00486         GOTO    _high_ISR
                      00487 
                      00488 ; ; Starting pCode block for absolute section
                      00489 ; ;-----------------------------------------
                      00490 S_core_ivec_0x2_low_ISR code    0X000018
000018                00491 ivec_0x2_low_ISR:
000018 EF00 F000      00492         GOTO    _low_ISR
                      00493 
                      00494 ; I code from now on!
                      00495 ; ; Starting pCode block
                      00496 S_core__main    code
000000                00497 _main:
                      00498 ;       .line   111; /home/arsene/pd-externals/Fraise/core/core.c       setup();
000000 EC00 F000      00499         CALL    _setup
000004                00500 _00124_DS_:
                      00501 ;       .line   115; /home/arsene/pd-externals/Fraise/core/core.c       while(1) loop();
000004 EC00 F000      00502         CALL    _loop
000008 D000           00503         BRA     _00124_DS_
00000A 0012           00504         RETURN  
                      00505 
                      00506 ; ; Starting pCode block
                      00507 S_core__time    code
000000                00508 _time:
000000 0100           00509         BANKSEL _TMR0U
                      00510 ;       .line   164; /home/arsene/pd-externals/Fraise/core/core.c       now.word1= TMR0U;
000002 5100           00511         MOVF    _TMR0U, W, B
000004 0100           00512         BANKSEL (_time_now_1_76 + 2)
000006 6F00           00513         MOVWF   (_time_now_1_76 + 2), B
000008 0100           00514         BANKSEL (_TMR0U + 1)
00000A 5100           00515         MOVF    (_TMR0U + 1), W, B
00000C 0100           00516         BANKSEL (_time_now_1_76 + 3)
00000E 6F00           00517         MOVWF   (_time_now_1_76 + 3), B
                      00518 ;       .line   166; /home/arsene/pd-externals/Fraise/core/core.c       LOWER_LSB(now)=TMR0L;
000010 5000           00519         MOVF    _TMR0L, W
                      00520 ; removed redundant BANKSEL
000012 6F00           00521         MOVWF   _time_now_1_76, B
                      00522 ;       .line   167; /home/arsene/pd-externals/Fraise/core/core.c       LOWER_MSB(now)=TMR0H;
000014 5000           00523         MOVF    _TMR0H, W
                      00524 ; removed redundant BANKSEL
000016 6F00           00525         MOVWF   (_time_now_1_76 + 1), B
                      00526 ; removed redundant BANKSEL
                      00527 ;       .line   169; /home/arsene/pd-externals/Fraise/core/core.c       if(now.word1 != TMR0U) { //a rollover occured : do read again
000018 5100           00528         MOVF    (_time_now_1_76 + 2), W, B
00001A 0100           00529         BANKSEL _TMR0U
00001C 1900           00530         XORWF   _TMR0U, W, B
gpasm-0.14.1 (Aug 21 2013)   exampleFruit-objs/core/core.asm1-13-2017  11:36:10          PAGE 11


LOC  OBJECT CODE     LINE SOURCE TEXT
  VALUE

00001E E100           00531         BNZ     _00151_DS_
000020 0100           00532         BANKSEL (_time_now_1_76 + 3)
000022 5100           00533         MOVF    (_time_now_1_76 + 3), W, B
000024 0100           00534         BANKSEL (_TMR0U + 1)
000026 1900           00535         XORWF   (_TMR0U + 1), W, B
000028 E000           00536         BZ      _00144_DS_
00002A                00537 _00151_DS_:
00002A 0100           00538         BANKSEL _TMR0U
                      00539 ;       .line   170; /home/arsene/pd-externals/Fraise/core/core.c       now.word1= TMR0U;
00002C 5100           00540         MOVF    _TMR0U, W, B
00002E 0100           00541         BANKSEL (_time_now_1_76 + 2)
000030 6F00           00542         MOVWF   (_time_now_1_76 + 2), B
000032 0100           00543         BANKSEL (_TMR0U + 1)
000034 5100           00544         MOVF    (_TMR0U + 1), W, B
000036 0100           00545         BANKSEL (_time_now_1_76 + 3)
000038 6F00           00546         MOVWF   (_time_now_1_76 + 3), B
                      00547 ;       .line   171; /home/arsene/pd-externals/Fraise/core/core.c       LOWER_LSB(now)=TMR0L;
00003A 5000           00548         MOVF    _TMR0L, W
                      00549 ; removed redundant BANKSEL
00003C 6F00           00550         MOVWF   _time_now_1_76, B
                      00551 ;       .line   172; /home/arsene/pd-externals/Fraise/core/core.c       LOWER_MSB(now)=TMR0H;
00003E 5000           00552         MOVF    _TMR0H, W
                      00553 ; removed redundant BANKSEL
000040 6F00           00554         MOVWF   (_time_now_1_76 + 1), B
000042                00555 _00144_DS_:
                      00556 ;       .line   175; /home/arsene/pd-externals/Fraise/core/core.c       return now._dword;
000042 C000 FFE9      00557         MOVFF   (_time_now_1_76 + 3), FSR0L
000046 C000 FFF4      00558         MOVFF   (_time_now_1_76 + 2), PRODH
00004A C000 FFF3      00559         MOVFF   (_time_now_1_76 + 1), PRODL
00004E 0100           00560         BANKSEL _time_now_1_76
000050 5100           00561         MOVF    _time_now_1_76, W, B
000052 0012           00562         RETURN  
                      00563 
                      00564 ; ; Starting pCode block
                      00565 S_core__low_ISR code
000000                00566 _low_ISR:
                      00567 ;       .line   145; /home/arsene/pd-externals/Fraise/core/core.c       void low_ISR(void) 
000000 CFD8 FFE5      00568         MOVFF   STATUS, POSTDEC1
000004 CFE0 FFE5      00569         MOVFF   BSR, POSTDEC1
000008 6EE5           00570         MOVWF   POSTDEC1
00000A CFF3 FFE5      00571         MOVFF   PRODL, POSTDEC1
00000E CFF4 FFE5      00572         MOVFF   PRODH, POSTDEC1
000012 CFE9 FFE5      00573         MOVFF   FSR0L, POSTDEC1
000016 CFEA FFE5      00574         MOVFF   FSR0H, POSTDEC1
00001A CFFA FFE5      00575         MOVFF   PCLATH, POSTDEC1
00001E CFFB FFE5      00576         MOVFF   PCLATU, POSTDEC1
                      00577 ;       .line   150; /home/arsene/pd-externals/Fraise/core/core.c       fraiseISR();
000022 EC00 F000      00578         CALL    _fraiseISR
000026 CFE4 FFFB      00579         MOVFF   PREINC1, PCLATU
00002A CFE4 FFFA      00580         MOVFF   PREINC1, PCLATH
00002E CFE4 FFEA      00581         MOVFF   PREINC1, FSR0H
000032 CFE4 FFE9      00582         MOVFF   PREINC1, FSR0L
000036 CFE4 FFF4      00583         MOVFF   PREINC1, PRODH
gpasm-0.14.1 (Aug 21 2013)   exampleFruit-objs/core/core.asm1-13-2017  11:36:10          PAGE 12


LOC  OBJECT CODE     LINE SOURCE TEXT
  VALUE

00003A CFE4 FFF3      00584         MOVFF   PREINC1, PRODL
00003E 50E4           00585         MOVF    PREINC1, W
000040 CFE4 FFE0      00586         MOVFF   PREINC1, BSR
000044 CFE4 FFD8      00587         MOVFF   PREINC1, STATUS
000048 0010           00588         RETFIE  
                      00589 
                      00590 ; ; Starting pCode block
                      00591 S_core__high_ISR        code
000000                00592 _high_ISR:
                      00593 ;       .line   121; /home/arsene/pd-externals/Fraise/core/core.c       void high_ISR(void)
000000 CFF3 FFE5      00594         MOVFF   PRODL, POSTDEC1
000004 CFF4 FFE5      00595         MOVFF   PRODH, POSTDEC1
000008 CFE9 FFE5      00596         MOVFF   FSR0L, POSTDEC1
00000C CFEA FFE5      00597         MOVFF   FSR0H, POSTDEC1
000010 CFFA FFE5      00598         MOVFF   PCLATH, POSTDEC1
000014 CFFB FFE5      00599         MOVFF   PCLATU, POSTDEC1
000018 0100           00600         BANKSEL _TMR0U
                      00601 ;       .line   126; /home/arsene/pd-externals/Fraise/core/core.c       Now.word1= TMR0U;
00001A 5100           00602         MOVF    _TMR0U, W, B
00001C 0100           00603         BANKSEL (_Now + 2)
00001E 6F00           00604         MOVWF   (_Now + 2), B
000020 0100           00605         BANKSEL (_TMR0U + 1)
000022 5100           00606         MOVF    (_TMR0U + 1), W, B
000024 0100           00607         BANKSEL (_Now + 3)
000026 6F00           00608         MOVWF   (_Now + 3), B
                      00609 ;       .line   127; /home/arsene/pd-externals/Fraise/core/core.c       LOWER_LSB(Now)=TMR0L;
000028 5000           00610         MOVF    _TMR0L, W
                      00611 ; removed redundant BANKSEL
00002A 6F00           00612         MOVWF   _Now, B
                      00613 ;       .line   128; /home/arsene/pd-externals/Fraise/core/core.c       LOWER_MSB(Now)=TMR0H;
00002C 5000           00614         MOVF    _TMR0H, W
                      00615 ; removed redundant BANKSEL
00002E 6F00           00616         MOVWF   (_Now + 1), B
                      00617 ;       .line   130; /home/arsene/pd-externals/Fraise/core/core.c       if(INTCONbits.TMR0IF) {
000030 A400           00618         BTFSS   _INTCONbits, 2
000032 D000           00619         BRA     _00133_DS_
000034 0100           00620         BANKSEL _TMR0U
                      00621 ;       .line   131; /home/arsene/pd-externals/Fraise/core/core.c       TMR0U++;
000036 3F00           00622         INCFSZ  _TMR0U, F, B
000038 D000           00623         BRA     _10143_DS_
                      00624 ; removed redundant BANKSEL
00003A 2B00           00625         INCF    (_TMR0U + 1), F, B
00003C                00626 _10143_DS_:
                      00627 ;       .line   132; /home/arsene/pd-externals/Fraise/core/core.c       INTCONbits.TMR0IF=0;
00003C 9400           00628         BCF     _INTCONbits, 2
00003E 0100           00629         BANKSEL _TMR0U
                      00630 ;       .line   133; /home/arsene/pd-externals/Fraise/core/core.c       Now.word1= TMR0U;
000040 5100           00631         MOVF    _TMR0U, W, B
000042 0100           00632         BANKSEL (_Now + 2)
000044 6F00           00633         MOVWF   (_Now + 2), B
000046 0100           00634         BANKSEL (_TMR0U + 1)
000048 5100           00635         MOVF    (_TMR0U + 1), W, B
00004A 0100           00636         BANKSEL (_Now + 3)
gpasm-0.14.1 (Aug 21 2013)   exampleFruit-objs/core/core.asm1-13-2017  11:36:10          PAGE 13


LOC  OBJECT CODE     LINE SOURCE TEXT
  VALUE

00004C 6F00           00637         MOVWF   (_Now + 3), B
                      00638 ;       .line   134; /home/arsene/pd-externals/Fraise/core/core.c       LOWER_LSB(Now)=TMR0L;
00004E 5000           00639         MOVF    _TMR0L, W
                      00640 ; removed redundant BANKSEL
000050 6F00           00641         MOVWF   _Now, B
                      00642 ;       .line   135; /home/arsene/pd-externals/Fraise/core/core.c       LOWER_MSB(Now)=TMR0H;
000052 5000           00643         MOVF    _TMR0H, W
                      00644 ; removed redundant BANKSEL
000054 6F00           00645         MOVWF   (_Now + 1), B
000056                00646 _00133_DS_:
000056 CFE4 FFFB      00647         MOVFF   PREINC1, PCLATU
00005A CFE4 FFFA      00648         MOVFF   PREINC1, PCLATH
00005E CFE4 FFEA      00649         MOVFF   PREINC1, FSR0H
000062 CFE4 FFE9      00650         MOVFF   PREINC1, FSR0L
000066 CFE4 FFF4      00651         MOVFF   PREINC1, PRODH
00006A CFE4 FFF3      00652         MOVFF   PREINC1, PRODL
00006E 0011           00653         RETFIE  0x01
                      00654 
                      00655 ; ; Starting pCode block
                      00656 S_core__coreInit        code
000000                00657 _coreInit:
                      00658 ;       .line   71; /home/arsene/pd-externals/Fraise/core/core.c        void coreInit(void)
000000 C000 FFE5      00659         MOVFF   r0x00, POSTDEC1
                      00660 ;       .line   74; /home/arsene/pd-externals/Fraise/core/core.c        Setup();
000004 EC00 F000      00661         CALL    _Setup
000008 0100           00662         BANKSEL _LATZ
                      00663 ;       .line   78; /home/arsene/pd-externals/Fraise/core/core.c        PORTZ = LATZ = 0;
00000A 6B00           00664         CLRF    _LATZ, B
                      00665 ; removed redundant BANKSEL
00000C 6B00           00666         CLRF    _PORTZ, B
                      00667 ; removed redundant BANKSEL
                      00668 ;       .line   79; /home/arsene/pd-externals/Fraise/core/core.c        PORTZbits.RZ1 = LATZbits.LATZ1 = 1;     
00000E 8300           00669         BSF     _LATZbits, 1, B
000010 6A00           00670         CLRF    r0x00
                      00671 ; removed redundant BANKSEL
000012 B300           00672         BTFSC   _LATZbits, 1, B
000014 2A00           00673         INCF    r0x00, F
000016 5000           00674         MOVF    r0x00, W
000018 0B01           00675         ANDLW   0x01
00001A 44E8           00676         RLNCF   WREG, W
00001C 6EF4           00677         MOVWF   PRODH
                      00678 ; removed redundant BANKSEL
00001E 5100           00679         MOVF    _PORTZbits, W, B
000020 0BFD           00680         ANDLW   0xfd
000022 10F4           00681         IORWF   PRODH, W
                      00682 ; removed redundant BANKSEL
000024 6F00           00683         MOVWF   _PORTZbits, B
                      00684 ;       .line   82; /home/arsene/pd-externals/Fraise/core/core.c        T0CONbits.TMR0ON = 1;
000026 8E00           00685         BSF     _T0CONbits, 7
                      00686 ;       .line   83; /home/arsene/pd-externals/Fraise/core/core.c        T0CONbits.T08BIT = 0;   // 16 bit timer
000028 9C00           00687         BCF     _T0CONbits, 6
                      00688 ;       .line   84; /home/arsene/pd-externals/Fraise/core/core.c        T0CONbits.T0CS = 0;             // Use internal clock
00002A 9A00           00689         BCF     _T0CONbits, 5
gpasm-0.14.1 (Aug 21 2013)   exampleFruit-objs/core/core.asm1-13-2017  11:36:10          PAGE 14


LOC  OBJECT CODE     LINE SOURCE TEXT
  VALUE

                      00690 ;       .line   85; /home/arsene/pd-externals/Fraise/core/core.c        T0CONbits.T0SE = 1;             // Hi to low
00002C 8800           00691         BSF     _T0CONbits, 4
                      00692 ;       .line   86; /home/arsene/pd-externals/Fraise/core/core.c        T0CONbits.PSA = 0;              // Use the prescaler
00002E 9600           00693         BCF     _T0CONbits, 3
                      00694 ;       .line   87; /home/arsene/pd-externals/Fraise/core/core.c        T0CONbits.T0PS2 = 0;    // 
000030 9400           00695         BCF     _T0CONbits, 2
                      00696 ;       .line   88; /home/arsene/pd-externals/Fraise/core/core.c        T0CONbits.T0PS1 = 1;    // 1/16 prescaler: 
000032 8200           00697         BSF     _T0CONbits, 1
                      00698 ;       .line   89; /home/arsene/pd-externals/Fraise/core/core.c        T0CONbits.T0PS0 = 1;    // 
000034 8000           00699         BSF     _T0CONbits, 0
                      00700 ;       .line   90; /home/arsene/pd-externals/Fraise/core/core.c        INTCONbits.TMR0IE=1;    // enable TMR0 interrupt
000036 8A00           00701         BSF     _INTCONbits, 5
                      00702 ;       .line   91; /home/arsene/pd-externals/Fraise/core/core.c        INTCON2bits.TMR0IP=1;   // high priority
000038 8400           00703         BSF     _INTCON2bits, 2
                      00704 ;       .line   94; /home/arsene/pd-externals/Fraise/core/core.c        RCONbits.IPEN = 1;  // enable interrupts priority mode
00003A 8E00           00705         BSF     _RCONbits, 7
                      00706 ;       .line   96; /home/arsene/pd-externals/Fraise/core/core.c        INTCONbits.GIEH = 1;  // enable interrupts
00003C 8E00           00707         BSF     _INTCONbits, 7
                      00708 ;       .line   97; /home/arsene/pd-externals/Fraise/core/core.c        INTCONbits.GIEL = 1;  // enable interrupts
00003E 8C00           00709         BSF     _INTCONbits, 6
                      00710 ;       .line   102; /home/arsene/pd-externals/Fraise/core/core.c       T2CONbits.T2CKPS0=1; //prescaler 4
000040 8000           00711         BSF     _T2CONbits, 0
                      00712 ;       .line   103; /home/arsene/pd-externals/Fraise/core/core.c       PR2=255;
000042 0EFF           00713         MOVLW   0xff
000044 6800           00714         SETF    _PR2
                      00715 ;       .line   104; /home/arsene/pd-externals/Fraise/core/core.c       T2CONbits.TMR2ON=1;
000046 8400           00716         BSF     _T2CONbits, 2
000048 CFE4 F000      00717         MOVFF   PREINC1, r0x00
00004C 0012           00718         RETURN  
                      00719 
                      00720 ; ; Starting pCode block
                      00721 S_core__eeReadByte      code
000000                00722 _eeReadByte:
                      00723 ;       .line   55; /home/arsene/pd-externals/Fraise/core/core.c        unsigned char eeReadByte(unsigned char address){
000000 CFD9 FFE5      00724         MOVFF   FSR2L, POSTDEC1
000004 CFE1 FFD9      00725         MOVFF   FSR1L, FSR2L
000008 0E02           00726         MOVLW   0x02
00000A CFDB F000      00727         MOVFF   PLUSW2, _EEADR
                      00728 ;       .line   57; /home/arsene/pd-externals/Fraise/core/core.c        EECON1bits.CFGS = 0;
00000E 9C00           00729         BCF     _EECON1bits, 6
                      00730 ;       .line   58; /home/arsene/pd-externals/Fraise/core/core.c        EECON1bits.EEPGD = 0;
000010 9E00           00731         BCF     _EECON1bits, 7
                      00732 ;       .line   59; /home/arsene/pd-externals/Fraise/core/core.c        EECON1bits.RD = 1;
000012 8000           00733         BSF     _EECON1bits, 0
                      00734 ;       .line   60; /home/arsene/pd-externals/Fraise/core/core.c        return EEDATA;
000014 5000           00735         MOVF    _EEDATA, W
000016 CFE4 FFD9      00736         MOVFF   PREINC1, FSR2L
00001A 0012           00737         RETURN  
                      00738 
                      00739 ; ; Starting pCode block
                      00740 S_core__eeWriteByte     code
000000                00741 _eeWriteByte:
                      00742 ;       .line   32; /home/arsene/pd-externals/Fraise/core/core.c        void eeWriteByte(unsigned char address, unsigned char value){
gpasm-0.14.1 (Aug 21 2013)   exampleFruit-objs/core/core.asm1-13-2017  11:36:10          PAGE 15


LOC  OBJECT CODE     LINE SOURCE TEXT
  VALUE

000000 CFD9 FFE5      00743         MOVFF   FSR2L, POSTDEC1
000004 CFE1 FFD9      00744         MOVFF   FSR1L, FSR2L
000008 C000 FFE5      00745         MOVFF   r0x00, POSTDEC1
00000C 0E02           00746         MOVLW   0x02
00000E CFDB F000      00747         MOVFF   PLUSW2, r0x00
000012 0E03           00748         MOVLW   0x03
000014 CFDB F000      00749         MOVFF   PLUSW2, _EEDATA
                      00750 ;       .line   35; /home/arsene/pd-externals/Fraise/core/core.c        EEADR = address;
000018 C000 F000      00751         MOVFF   r0x00, _EEADR
                      00752 ;       .line   37; /home/arsene/pd-externals/Fraise/core/core.c        EECON1bits.EEPGD = 0;
00001C 9E00           00753         BCF     _EECON1bits, 7
                      00754 ;       .line   38; /home/arsene/pd-externals/Fraise/core/core.c        EECON1bits.CFGS = 0;
00001E 9C00           00755         BCF     _EECON1bits, 6
                      00756 ;       .line   39; /home/arsene/pd-externals/Fraise/core/core.c        EECON1bits.WREN = 1; // enable writes to data EEPROM
000020 8400           00757         BSF     _EECON1bits, 2
                      00758 ;       .line   40; /home/arsene/pd-externals/Fraise/core/core.c        INTCONbits.GIEH = 0;  // disable interrupts
000022 9E00           00759         BCF     _INTCONbits, 7
                      00760 ;       .line   41; /home/arsene/pd-externals/Fraise/core/core.c        INTCONbits.GIEL = 0;  // disable interrupts
000024 9C00           00761         BCF     _INTCONbits, 6
                      00762 ;       .line   42; /home/arsene/pd-externals/Fraise/core/core.c        EECON2 = 0x55;
000026 0E55           00763         MOVLW   0x55
000028 6E00           00764         MOVWF   _EECON2
                      00765 ;       .line   43; /home/arsene/pd-externals/Fraise/core/core.c        EECON2 = 0x0AA;
00002A 0EAA           00766         MOVLW   0xaa
00002C 6E00           00767         MOVWF   _EECON2
                      00768 ;       .line   44; /home/arsene/pd-externals/Fraise/core/core.c        EECON1bits.WR = 1;   // start writing
00002E 8200           00769         BSF     _EECON1bits, 1
000030                00770 _00105_DS_:
                      00771 ;       .line   45; /home/arsene/pd-externals/Fraise/core/core.c        while(EECON1bits.WR){
000030 A200           00772         BTFSS   _EECON1bits, 1
000032 D000           00773         BRA     _00107_DS_
000034 0000           00774         nop 
000036 D000           00775         BRA     _00105_DS_
                      00776 ; ;;!!! pic16_aopOp:1117 called for a spillLocation -- assigning WREG instead --- CHECK
000038                00777 _00107_DS_:
                      00778 ;       .line   47; /home/arsene/pd-externals/Fraise/core/core.c        if(EECON1bits.WRERR){
000038 6AE8           00779         CLRF    WREG
00003A B600           00780         BTFSC   _EECON1bits, 3
00003C 2AE8           00781         INCF    WREG, F
                      00782 ;       .line   50; /home/arsene/pd-externals/Fraise/core/core.c        EECON1bits.WREN = 0;
00003E 9400           00783         BCF     _EECON1bits, 2
                      00784 ;       .line   51; /home/arsene/pd-externals/Fraise/core/core.c        INTCONbits.GIEH = 1;  // enable interrupts
000040 8E00           00785         BSF     _INTCONbits, 7
                      00786 ;       .line   52; /home/arsene/pd-externals/Fraise/core/core.c        INTCONbits.GIEL = 1;  // enable interrupts
000042 8C00           00787         BSF     _INTCONbits, 6
000044 CFE4 F000      00788         MOVFF   PREINC1, r0x00
000048 CFE4 FFD9      00789         MOVFF   PREINC1, FSR2L
00004C 0012           00790         RETURN  
                      00791 
                      00792 
                      00793 
                      00794 ; Statistics:
                      00795 ; code size:      470 (0x01d6) bytes ( 0.36%)
gpasm-0.14.1 (Aug 21 2013)   exampleFruit-objs/core/core.asm1-13-2017  11:36:10          PAGE 16


LOC  OBJECT CODE     LINE SOURCE TEXT
  VALUE

                      00796 ;                 235 (0x00eb) words
                      00797 ; udata size:      12 (0x000c) bytes ( 0.33%)
                      00798 ; access size:      1 (0x0001) bytes
                      00799 
                      00800 
                      00801         end
gpasm-0.14.1 (Aug 21 2013)   exampleFruit-objs/core/core.asm1-13-2017  11:36:10          PAGE 17


SYMBOL TABLE
  LABEL                             VALUE

BSR                               00000FE0
FSR0H                             00000FEA
FSR0L                             00000FE9
FSR1L                             00000FE1
FSR2L                             00000FD9
PCLATH                            00000FFA
PCLATU                            00000FFB
PLUSW2                            00000FDB
POSTDEC1                          00000FE5
PREINC1                           00000FE4
PRODH                             00000FF4
PRODL                             00000FF3
STATUS                            00000FD8
WREG                              00000FE8
_00105_DS_                        00000030
_00107_DS_                        00000038
_00124_DS_                        00000004
_00133_DS_                        00000056
_00144_DS_                        00000042
_00151_DS_                        0000002A
_10143_DS_                        0000003C
_ADCON0                           00000000
_ADCON0bits                       00000000
_ADCON1                           00000000
_ADCON1bits                       00000000
_ADCON2                           00000000
_ADCON2bits                       00000000
_ADRES                            00000000
_ADRESH                           00000000
_ADRESL                           00000000
_ANSELA                           00000000
_ANSELAbits                       00000000
_ANSELB                           00000000
_ANSELBbits                       00000000
_ANSELC                           00000000
_ANSELCbits                       00000000
_ANSELZ                           00000438
_ANSELZbits                       00000438
_BAUD1CON                         00000000
_BAUD1CONbits                     00000000
_BAUD2CON                         00000000
_BAUD2CONbits                     00000000
_BAUDCON                          00000000
_BAUDCON1                         00000000
_BAUDCON1bits                     00000000
_BAUDCON2                         00000000
_BAUDCON2bits                     00000000
_BAUDCONbits                      00000000
_BAUDCTL                          00000000
_BAUDCTLbits                      00000000
_BSR                              00000000
_CCP1CON                          00000000
_CCP1CONbits                      00000000
gpasm-0.14.1 (Aug 21 2013)   exampleFruit-objs/core/core.asm1-13-2017  11:36:10          PAGE 18


SYMBOL TABLE
  LABEL                             VALUE 

_CCP2AS                           00000000
_CCP2ASbits                       00000000
_CCP2CON                          00000000
_CCP2CONbits                      00000000
_CCP3AS                           00000000
_CCP3ASbits                       00000000
_CCP3CON                          00000000
_CCP3CONbits                      00000000
_CCP4CON                          00000000
_CCP4CONbits                      00000000
_CCP5CON                          00000000
_CCP5CONbits                      00000000
_CCPR1                            00000000
_CCPR1H                           00000000
_CCPR1L                           00000000
_CCPR2                            00000000
_CCPR2H                           00000000
_CCPR2L                           00000000
_CCPR3                            00000000
_CCPR3H                           00000000
_CCPR3L                           00000000
_CCPR4                            00000000
_CCPR4H                           00000000
_CCPR4L                           00000000
_CCPR5                            00000000
_CCPR5H                           00000000
_CCPR5L                           00000000
_CCPTMRS0                         00000000
_CCPTMRS0bits                     00000000
_CCPTMRS1                         00000000
_CCPTMRS1bits                     00000000
_CM12CON                          00000000
_CM12CONbits                      00000000
_CM1CON                           00000000
_CM1CON0                          00000000
_CM1CON0bits                      00000000
_CM1CONbits                       00000000
_CM2CON                           00000000
_CM2CON0                          00000000
_CM2CON0bits                      00000000
_CM2CON1                          00000000
_CM2CON1bits                      00000000
_CM2CONbits                       00000000
_CTMUCON0                         00000000
_CTMUCON0bits                     00000000
_CTMUCON1                         00000000
_CTMUCON1bits                     00000000
_CTMUCONH                         00000000
_CTMUCONHbits                     00000000
_CTMUCONL                         00000000
_CTMUCONLbits                     00000000
_CTMUICON                         00000000
_CTMUICONH                        00000000
gpasm-0.14.1 (Aug 21 2013)   exampleFruit-objs/core/core.asm1-13-2017  11:36:10          PAGE 19


SYMBOL TABLE
  LABEL                             VALUE 

_CTMUICONHbits                    00000000
_CTMUICONbits                     00000000
_DACCON0                          00000000
_DACCON0bits                      00000000
_DACCON1                          00000000
_DACCON1bits                      00000000
_DDRA                             00000000
_DDRAbits                         00000000
_DDRB                             00000000
_DDRBbits                         00000000
_DDRC                             00000000
_DDRCbits                         00000000
_ECCP1AS                          00000000
_ECCP1ASbits                      00000000
_ECCP2AS                          00000000
_ECCP2ASbits                      00000000
_ECCP3AS                          00000000
_ECCP3ASbits                      00000000
_ECCPAS                           00000000
_ECCPASbits                       00000000
_EEADR                            00000000
_EEADRH                           00000000
_EEADRHbits                       00000000
_EEADRbits                        00000000
_EECON1                           00000000
_EECON1bits                       00000000
_EECON2                           00000000
_EEDATA                           00000000
_FSR0H                            00000000
_FSR0L                            00000000
_FSR1H                            00000000
_FSR1L                            00000000
_FSR2H                            00000000
_FSR2L                            00000000
_FVRCON                           00000000
_FVRCONbits                       00000000
_HLVDCON                          00000000
_HLVDCONbits                      00000000
_INDF0                            00000000
_INDF1                            00000000
_INDF2                            00000000
_INTCON                           00000000
_INTCON2                          00000000
_INTCON2bits                      00000000
_INTCON3                          00000000
_INTCON3bits                      00000000
_INTCONbits                       00000000
_IOCB                             00000000
_IOCBbits                         00000000
_IPR1                             00000000
_IPR1bits                         00000000
_IPR2                             00000000
_IPR2bits                         00000000
gpasm-0.14.1 (Aug 21 2013)   exampleFruit-objs/core/core.asm1-13-2017  11:36:10          PAGE 20


SYMBOL TABLE
  LABEL                             VALUE 

_IPR3                             00000000
_IPR3bits                         00000000
_IPR4                             00000000
_IPR4bits                         00000000
_IPR5                             00000000
_IPR5bits                         00000000
_LATA                             00000000
_LATAbits                         00000000
_LATB                             00000000
_LATBbits                         00000000
_LATC                             00000000
_LATCbits                         00000000
_LATZ                             00000489
_LATZbits                         00000489
_LVDCON                           00000000
_LVDCONbits                       00000000
_Now                              00000000
_OSCCON                           00000000
_OSCCON2                          00000000
_OSCCON2bits                      00000000
_OSCCONbits                       00000000
_OSCTUNE                          00000000
_OSCTUNEbits                      00000000
_PC                               00000000
_PCL                              00000000
_PCLATH                           00000000
_PCLATU                           00000000
_PIE1                             00000000
_PIE1bits                         00000000
_PIE2                             00000000
_PIE2bits                         00000000
_PIE3                             00000000
_PIE3bits                         00000000
_PIE4                             00000000
_PIE4bits                         00000000
_PIE5                             00000000
_PIE5bits                         00000000
_PIR1                             00000000
_PIR1bits                         00000000
_PIR2                             00000000
_PIR2bits                         00000000
_PIR3                             00000000
_PIR3bits                         00000000
_PIR4                             00000000
_PIR4bits                         00000000
_PIR5                             00000000
_PIR5bits                         00000000
_PLUSW0                           00000000
_PLUSW1                           00000000
_PLUSW2                           00000000
_PMD0                             00000000
_PMD0bits                         00000000
_PMD1                             00000000
gpasm-0.14.1 (Aug 21 2013)   exampleFruit-objs/core/core.asm1-13-2017  11:36:10          PAGE 21


SYMBOL TABLE
  LABEL                             VALUE 

_PMD1bits                         00000000
_PMD2                             00000000
_PMD2bits                         00000000
_PORTA                            00000000
_PORTAbits                        00000000
_PORTB                            00000000
_PORTBbits                        00000000
_PORTC                            00000000
_PORTCbits                        00000000
_PORTE                            00000000
_PORTEbits                        00000000
_PORTZ                            00000480
_PORTZbits                        00000480
_POSTDEC0                         00000000
_POSTDEC1                         00000000
_POSTDEC2                         00000000
_POSTINC0                         00000000
_POSTINC1                         00000000
_POSTINC2                         00000000
_PR2                              00000000
_PR4                              00000000
_PR6                              00000000
_PREINC0                          00000000
_PREINC1                          00000000
_PREINC2                          00000000
_PROD                             00000000
_PRODH                            00000000
_PRODL                            00000000
_PSTR1CON                         00000000
_PSTR1CONbits                     00000000
_PSTR2CON                         00000000
_PSTR2CONbits                     00000000
_PSTR3CON                         00000000
_PSTR3CONbits                     00000000
_PSTRCON                          00000000
_PSTRCONbits                      00000000
_PWM1CON                          00000000
_PWM1CONbits                      00000000
_PWM2CON                          00000000
_PWM2CONbits                      00000000
_PWM3CON                          00000000
_PWM3CONbits                      00000000
_PWMCON                           00000000
_PWMCONbits                       00000000
_RC1REG                           00000000
_RC1STA                           00000000
_RC1STAbits                       00000000
_RC2REG                           00000000
_RC2STA                           00000000
_RC2STAbits                       00000000
_RCON                             00000000
_RCONbits                         00000000
_RCREG                            00000000
gpasm-0.14.1 (Aug 21 2013)   exampleFruit-objs/core/core.asm1-13-2017  11:36:10          PAGE 22


SYMBOL TABLE
  LABEL                             VALUE 

_RCREG1                           00000000
_RCREG2                           00000000
_RCSTA                            00000000
_RCSTA1                           00000000
_RCSTA1bits                       00000000
_RCSTA2                           00000000
_RCSTA2bits                       00000000
_RCSTAbits                        00000000
_SLRCON                           00000000
_SLRCONbits                       00000000
_SP1BRG                           00000000
_SP1BRGH                          00000000
_SP2BRG                           00000000
_SP2BRGH                          00000000
_SPBRG                            00000000
_SPBRG1                           00000000
_SPBRG2                           00000000
_SPBRGH                           00000000
_SPBRGH1                          00000000
_SPBRGH2                          00000000
_SRCON0                           00000000
_SRCON0bits                       00000000
_SRCON1                           00000000
_SRCON1bits                       00000000
_SSP1ADD                          00000000
_SSP1BUF                          00000000
_SSP1CON1                         00000000
_SSP1CON1bits                     00000000
_SSP1CON2                         00000000
_SSP1CON2bits                     00000000
_SSP1CON3                         00000000
_SSP1CON3bits                     00000000
_SSP1MSK                          00000000
_SSP1MSKbits                      00000000
_SSP1STAT                         00000000
_SSP1STATbits                     00000000
_SSP2ADD                          00000000
_SSP2BUF                          00000000
_SSP2CON1                         00000000
_SSP2CON1bits                     00000000
_SSP2CON2                         00000000
_SSP2CON2bits                     00000000
_SSP2CON3                         00000000
_SSP2CON3bits                     00000000
_SSP2MSK                          00000000
_SSP2MSKbits                      00000000
_SSP2STAT                         00000000
_SSP2STATbits                     00000000
_SSPADD                           00000000
_SSPBUF                           00000000
_SSPCON1                          00000000
_SSPCON1bits                      00000000
_SSPCON2                          00000000
gpasm-0.14.1 (Aug 21 2013)   exampleFruit-objs/core/core.asm1-13-2017  11:36:10          PAGE 23


SYMBOL TABLE
  LABEL                             VALUE 

_SSPCON2bits                      00000000
_SSPCON3                          00000000
_SSPCON3bits                      00000000
_SSPMSK                           00000000
_SSPMSKbits                       00000000
_SSPSTAT                          00000000
_SSPSTATbits                      00000000
_STATUS                           00000000
_STATUSbits                       00000000
_STKPTR                           00000000
_STKPTRbits                       00000000
_Setup                            00000000
_T0CON                            00000000
_T0CONbits                        00000000
_T1CON                            00000000
_T1CONbits                        00000000
_T1GCON                           00000000
_T1GCONbits                       00000000
_T2CON                            00000000
_T2CONbits                        00000000
_T3CON                            00000000
_T3CONbits                        00000000
_T3GCON                           00000000
_T3GCONbits                       00000000
_T4CON                            00000000
_T4CONbits                        00000000
_T5CON                            00000000
_T5CONbits                        00000000
_T5GCON                           00000000
_T5GCONbits                       00000000
_T6CON                            00000000
_T6CONbits                        00000000
_TABLAT                           00000000
_TBLPTR                           00000000
_TBLPTRH                          00000000
_TBLPTRL                          00000000
_TBLPTRU                          00000000
_TMR0                             00000000
_TMR0H                            00000000
_TMR0L                            00000000
_TMR0U                            00000000
_TMR1                             00000000
_TMR1H                            00000000
_TMR1L                            00000000
_TMR2                             00000000
_TMR3                             00000000
_TMR3H                            00000000
_TMR3L                            00000000
_TMR4                             00000000
_TMR5                             00000000
_TMR5H                            00000000
_TMR5L                            00000000
_TMR6                             00000000
gpasm-0.14.1 (Aug 21 2013)   exampleFruit-objs/core/core.asm1-13-2017  11:36:10          PAGE 24


SYMBOL TABLE
  LABEL                             VALUE 

_TOS                              00000000
_TOSH                             00000000
_TOSL                             00000000
_TOSU                             00000000
_TRICZ                            00000492
_TRISA                            00000000
_TRISAbits                        00000000
_TRISB                            00000000
_TRISBbits                        00000000
_TRISC                            00000000
_TRISCbits                        00000000
_TRISE                            00000000
_TRISEbits                        00000000
_TRISZbits                        00000492
_TX1REG                           00000000
_TX1STA                           00000000
_TX1STAbits                       00000000
_TX2REG                           00000000
_TX2STA                           00000000
_TX2STAbits                       00000000
_TXREG                            00000000
_TXREG1                           00000000
_TXREG2                           00000000
_TXSTA                            00000000
_TXSTA1                           00000000
_TXSTA1bits                       00000000
_TXSTA2                           00000000
_TXSTA2bits                       00000000
_TXSTAbits                        00000000
_VREFCON0                         00000000
_VREFCON0bits                     00000000
_VREFCON1                         00000000
_VREFCON1bits                     00000000
_VREFCON2                         00000000
_VREFCON2bits                     00000000
_WDTCON                           00000000
_WDTCONbits                       00000000
_WPUB                             00000000
_WPUBbits                         00000000
_WREG                             00000000
__18F26K22                        00000001
_coreInit                         00000000
_eeReadByte                       00000000
_eeWriteByte                      00000000
_fraiseISR                        00000000
_high_ISR                         00000000
_loop                             00000000
_low_ISR                          00000000
_main                             00000000
_setup                            00000000
_stdin                            00000000
_stdout                           00000000
_time                             00000000
gpasm-0.14.1 (Aug 21 2013)   exampleFruit-objs/core/core.asm1-13-2017  11:36:10          PAGE 25


SYMBOL TABLE
  LABEL                             VALUE 

_time_now_1_76                    00000000
ivec_0x1_high_ISR                 00000008
ivec_0x2_low_ISR                  00000018
r0x00                             00000000

Errors   :     0
Warnings :     0 reported,     0 suppressed
Messages :     0 reported,     0 suppressed

